<?xml version="1.0" encoding="UTF-8"?>
<robot generator="Robot 7.3.2 (Python 3.14.0 on win32)" generated="2025-12-26T15:49:17.094415" rpa="false" schemaversion="5">
<suite id="s1" name="Main" source="C:\bhumikcodes\main.robot">
<test id="s1-t1" name="Open Chrome" line="5">
<kw name="Open Browser" owner="SeleniumLibrary">
<msg time="2025-12-26T15:49:17.861609" level="INFO">Opening browser 'chrome' to base url 'https://www.flipkart.com/'.</msg>
<arg>https://www.flipkart.com/</arg>
<arg>chrome</arg>
<doc>Opens a new browser instance to the optional ``url``.</doc>
<status status="PASS" start="2025-12-26T15:49:17.860745" elapsed="5.997659"/>
</kw>
<kw name="Maximize Browser Window" owner="SeleniumLibrary">
<doc>Maximizes current browser window.</doc>
<status status="PASS" start="2025-12-26T15:49:23.859239" elapsed="0.391641"/>
</kw>
<kw name="Log To Console" owner="BuiltIn">
<arg>message=Passed</arg>
<doc>Logs the given message to the console.</doc>
<status status="PASS" start="2025-12-26T15:49:24.251302" elapsed="0.000497"/>
</kw>
<kw name="Close Browser" owner="SeleniumLibrary">
<doc>Closes the current browser.</doc>
<status status="PASS" start="2025-12-26T15:49:24.252110" elapsed="2.358862"/>
</kw>
<status status="PASS" start="2025-12-26T15:49:17.858886" elapsed="8.752922"/>
</test>
<status status="PASS" start="2025-12-26T15:49:17.097723" elapsed="9.516265"/>
</suite>
<statistics>
<total>
<stat pass="1" fail="0" skip="0">All Tests</stat>
</total>
<tag>
</tag>
<suite>
<stat name="Main" id="s1" pass="1" fail="0" skip="0">Main</stat>
</suite>
</statistics>
<errors>
</errors>
</robot>
