<?xml version="1.0" encoding="UTF-8"?>
<robot generator="Robot 7.3.2 (Python 3.14.0 on win32)" generated="2025-12-07T19:09:28.889221" rpa="false" schemaversion="5">
<suite id="s1" name="Bhumikcodes" source="C:\bhumikcodes">
<suite id="s1-s1" name="Main" source="C:\bhumikcodes\main.robot">
<test id="s1-s1-t1" name="Open Chrome" line="5">
<kw name="Open Browser" owner="SeleniumLibrary">
<msg time="2025-12-07T19:09:29.438556" level="INFO">Opening browser 'chrome' to base url 'https://www.flipkart.com/'.</msg>
<arg>https://www.flipkart.com/</arg>
<arg>chrome</arg>
<doc>Opens a new browser instance to the optional ``url``.</doc>
<status status="PASS" start="2025-12-07T19:09:29.437967" elapsed="6.062250"/>
</kw>
<kw name="Maximize Browser Window" owner="SeleniumLibrary">
<doc>Maximizes current browser window.</doc>
<status status="PASS" start="2025-12-07T19:09:35.501941" elapsed="0.404246"/>
</kw>
<kw name="Close Browser" owner="SeleniumLibrary">
<doc>Closes the current browser.</doc>
<status status="PASS" start="2025-12-07T19:09:35.907279" elapsed="2.298720"/>
</kw>
<status status="PASS" start="2025-12-07T19:09:29.430800" elapsed="8.777170"/>
</test>
<status status="PASS" start="2025-12-07T19:09:29.022301" elapsed="9.210191"/>
</suite>
<status status="PASS" start="2025-12-07T19:09:28.900498" elapsed="9.343938"/>
</suite>
<statistics>
<total>
<stat pass="1" fail="0" skip="0">All Tests</stat>
</total>
<tag>
</tag>
<suite>
<stat name="Bhumikcodes" id="s1" pass="1" fail="0" skip="0">Bhumikcodes</stat>
<stat name="Main" id="s1-s1" pass="1" fail="0" skip="0">Bhumikcodes.Main</stat>
</suite>
</statistics>
<errors>
</errors>
</robot>
